Running: C:\Xilinx\14.7\ISE_DS\ISE\bin\nt64\unwrapped\fuse.exe -intstyle ise -incremental -lib unisims_ver -lib unimacro_ver -lib xilinxcorelib_ver -lib secureip -o C:/Users/henri/Desktop/Sistemas Digitais/Projeto2_MaquinaVendaAutomatic/Schematic_Schematic_sch_tb_isim_beh.exe -prj C:/Users/henri/Desktop/Sistemas Digitais/Projeto2_MaquinaVendaAutomatic/Schematic_Schematic_sch_tb_beh.prj work.Schematic_Schematic_sch_tb work.glbl 
ISim P.20131013 (signature 0x7708f090)
Number of CPUs detected in this system: 4
Turning on mult-threading, number of parallel sub-compilation jobs: 8 
Determining compilation order of HDL files
Analyzing Verilog file "C:/Users/henri/Desktop/Sistemas Digitais/Projeto2_MaquinaVendaAutomatic/Refrigerante.v" into library work
Analyzing Verilog file "C:/Users/henri/Desktop/Sistemas Digitais/Projeto2_MaquinaVendaAutomatic/Agua.v" into library work
Analyzing Verilog file "C:/Users/henri/Desktop/Sistemas Digitais/Projeto2_MaquinaVendaAutomatic/Schematic.vf" into library work
Analyzing Verilog file "C:/Users/henri/Desktop/Sistemas Digitais/Projeto2_MaquinaVendaAutomatic/simulacao.v" into library work
Analyzing Verilog file "C:/Xilinx/14.7/ISE_DS/ISE//verilog/src/glbl.v" into library work
Starting static elaboration
Completed static elaboration
Compiling module Agua
Compiling module Refrigerante
Compiling module INV
Compiling module AND2
Compiling module Schematic
Compiling module Schematic_Schematic_sch_tb
Compiling module glbl
Time Resolution for simulation is 1ps.
Waiting for 1 sub-compilation(s) to finish...
Compiled 7 Verilog Units
Built simulation executable C:/Users/henri/Desktop/Sistemas Digitais/Projeto2_MaquinaVendaAutomatic/Schematic_Schematic_sch_tb_isim_beh.exe
Fuse Memory Usage: 28676 KB
Fuse CPU Usage: 936 ms
